c:\dev\opengl\opengl\x64\debug\vc143.pdb
c:\dev\opengl\opengl\x64\debug\vc143.idb
c:\dev\opengl\opengl\x64\debug\window.obj
c:\dev\opengl\x64\debug\opengl.pdb
c:\dev\opengl\opengl\x64\debug\opengl.tlog\cl.command.1.tlog
c:\dev\opengl\opengl\x64\debug\opengl.tlog\cl.items.tlog
c:\dev\opengl\opengl\x64\debug\opengl.tlog\cl.read.1.tlog
c:\dev\opengl\opengl\x64\debug\opengl.tlog\cl.write.1.tlog
c:\dev\opengl\opengl\x64\debug\opengl.tlog\link-cvtres.read.1.tlog
c:\dev\opengl\opengl\x64\debug\opengl.tlog\link-cvtres.write.1.tlog
c:\dev\opengl\opengl\x64\debug\opengl.tlog\link-rc.read.1.tlog
c:\dev\opengl\opengl\x64\debug\opengl.tlog\link-rc.write.1.tlog
c:\dev\opengl\opengl\x64\debug\opengl.tlog\link.11180-cvtres.read.1.tlog
c:\dev\opengl\opengl\x64\debug\opengl.tlog\link.11180-cvtres.write.1.tlog
c:\dev\opengl\opengl\x64\debug\opengl.tlog\link.11180-rc.read.1.tlog
c:\dev\opengl\opengl\x64\debug\opengl.tlog\link.11180-rc.write.1.tlog
c:\dev\opengl\opengl\x64\debug\opengl.tlog\link.11180.read.1.tlog
c:\dev\opengl\opengl\x64\debug\opengl.tlog\link.11180.read.2.tlog
c:\dev\opengl\opengl\x64\debug\opengl.tlog\link.11180.write.1.tlog
c:\dev\opengl\opengl\x64\debug\opengl.tlog\link.command.1.tlog
c:\dev\opengl\opengl\x64\debug\opengl.tlog\link.read.1.tlog
c:\dev\opengl\opengl\x64\debug\opengl.tlog\link.read.2.tlog
c:\dev\opengl\opengl\x64\debug\opengl.tlog\link.write.1.tlog
